Determining if the pthread_create exist failed with the following output:
Change Dir: /home/amsl/ros_catkin_ws/src/redbull_prj/build/CMakeFiles/CMakeTmp

Run Build Command:"/usr/bin/make" "cmTC_b2fea/fast"
/usr/bin/make -f CMakeFiles/cmTC_b2fea.dir/build.make CMakeFiles/cmTC_b2fea.dir/build
make[1]: ディレクトリ '/home/amsl/ros_catkin_ws/src/redbull_prj/build/CMakeFiles/CMakeTmp' に入ります
Building C object CMakeFiles/cmTC_b2fea.dir/CheckSymbolExists.c.o
/usr/bin/cc     -o CMakeFiles/cmTC_b2fea.dir/CheckSymbolExists.c.o   -c /home/amsl/ros_catkin_ws/src/redbull_prj/build/CMakeFiles/CMakeTmp/CheckSymbolExists.c
Linking C executable cmTC_b2fea
/usr/bin/cmake -E cmake_link_script CMakeFiles/cmTC_b2fea.dir/link.txt --verbose=1
/usr/bin/cc       CMakeFiles/cmTC_b2fea.dir/CheckSymbolExists.c.o  -o cmTC_b2fea -rdynamic 
CMakeFiles/cmTC_b2fea.dir/CheckSymbolExists.c.o: 関数 `main' 内:
CheckSymbolExists.c:(.text+0x16): `pthread_create' に対する定義されていない参照です
collect2: error: ld returned 1 exit status
CMakeFiles/cmTC_b2fea.dir/build.make:97: ターゲット 'cmTC_b2fea' のレシピで失敗しました
make[1]: *** [cmTC_b2fea] エラー 1
make[1]: ディレクトリ '/home/amsl/ros_catkin_ws/src/redbull_prj/build/CMakeFiles/CMakeTmp' から出ます
Makefile:126: ターゲット 'cmTC_b2fea/fast' のレシピで失敗しました
make: *** [cmTC_b2fea/fast] エラー 2

File /home/amsl/ros_catkin_ws/src/redbull_prj/build/CMakeFiles/CMakeTmp/CheckSymbolExists.c:
/* */
#include <pthread.h>

int main(int argc, char** argv)
{
  (void)argv;
#ifndef pthread_create
  return ((int*)(&pthread_create))[argc];
#else
  (void)argc;
  return 0;
#endif
}

Determining if the function pthread_create exists in the pthreads failed with the following output:
Change Dir: /home/amsl/ros_catkin_ws/src/redbull_prj/build/CMakeFiles/CMakeTmp

Run Build Command:"/usr/bin/make" "cmTC_a0142/fast"
/usr/bin/make -f CMakeFiles/cmTC_a0142.dir/build.make CMakeFiles/cmTC_a0142.dir/build
make[1]: ディレクトリ '/home/amsl/ros_catkin_ws/src/redbull_prj/build/CMakeFiles/CMakeTmp' に入ります
Building C object CMakeFiles/cmTC_a0142.dir/CheckFunctionExists.c.o
/usr/bin/cc    -DCHECK_FUNCTION_EXISTS=pthread_create   -o CMakeFiles/cmTC_a0142.dir/CheckFunctionExists.c.o   -c /usr/share/cmake-3.5/Modules/CheckFunctionExists.c
Linking C executable cmTC_a0142
/usr/bin/cmake -E cmake_link_script CMakeFiles/cmTC_a0142.dir/link.txt --verbose=1
/usr/bin/cc   -DCHECK_FUNCTION_EXISTS=pthread_create    CMakeFiles/cmTC_a0142.dir/CheckFunctionExists.c.o  -o cmTC_a0142 -rdynamic -lpthreads 
/usr/bin/ld: -lpthreads が見つかりません
collect2: error: ld returned 1 exit status
CMakeFiles/cmTC_a0142.dir/build.make:97: ターゲット 'cmTC_a0142' のレシピで失敗しました
make[1]: *** [cmTC_a0142] エラー 1
make[1]: ディレクトリ '/home/amsl/ros_catkin_ws/src/redbull_prj/build/CMakeFiles/CMakeTmp' から出ます
Makefile:126: ターゲット 'cmTC_a0142/fast' のレシピで失敗しました
make: *** [cmTC_a0142/fast] エラー 2


